<?xml version="1.0" encoding="UTF-8"?>
<!-- Generated by org.testng.reporters.JUnitReportReporter -->
<testsuite hostname="Hi-PC" failures="0" tests="1" name="CrudwithBDD.CreateTest" time="0.214" errors="0" timestamp="2021-12-16T14:56:32 IST" skipped="0">
  <testcase classname="CrudwithBDD.CreateTest" name="createproject" time="0.214"/>
  <system-out/>
</testsuite> <!-- CrudwithBDD.CreateTest -->
