<?xml version="1.0" encoding="UTF-8"?>
<!-- Generated by org.testng.reporters.JUnitReportReporter -->
<testsuite hostname="Hi-PC" failures="0" tests="1" name="CrudwithBDD.Sample" time="0.027" errors="0" timestamp="2021-12-16T15:44:35 IST" skipped="0">
  <testcase classname="CrudwithBDD.Sample" name="Nooru" time="0.027"/>
  <system-out/>
</testsuite> <!-- CrudwithBDD.Sample -->
